{"F:\\full stack\\mosh courses\\vidly\\index.js": {"path":"F:\\full stack\\mosh courses\\vidly\\index.js","statementMap":{"0":{"start":{"line":1,"column":16},"end":{"line":1,"column":34}},"1":{"start":{"line":2,"column":16},"end":{"line":2,"column":34}},"2":{"start":{"line":3,"column":12},"end":{"line":3,"column":21}},"3":{"start":{"line":5,"column":0},"end":{"line":5,"column":31}},"4":{"start":{"line":6,"column":0},"end":{"line":6,"column":33}},"5":{"start":{"line":7,"column":0},"end":{"line":7,"column":26}},"6":{"start":{"line":8,"column":0},"end":{"line":8,"column":30}},"7":{"start":{"line":9,"column":0},"end":{"line":9,"column":34}},"8":{"start":{"line":11,"column":13},"end":{"line":11,"column":37}},"9":{"start":{"line":12,"column":13},"end":{"line":12,"column":82}},"10":{"start":{"line":12,"column":37},"end":{"line":12,"column":81}},"11":{"start":{"line":15,"column":0},"end":{"line":15,"column":24}}},"fnMap":{"0":{"name":"(anonymous_0)","decl":{"start":{"line":12,"column":31},"end":{"line":12,"column":32}},"loc":{"start":{"line":12,"column":37},"end":{"line":12,"column":81}},"line":12}},"branchMap":{"0":{"loc":{"start":{"line":11,"column":13},"end":{"line":11,"column":37}},"type":"binary-expr","locations":[{"start":{"line":11,"column":13},"end":{"line":11,"column":29}},{"start":{"line":11,"column":33},"end":{"line":11,"column":37}}],"line":11}},"s":{"0":5,"1":5,"2":5,"3":5,"4":5,"5":5,"6":5,"7":5,"8":5,"9":5,"10":5,"11":5},"f":{"0":5},"b":{"0":[5,5]},"_coverageSchema":"1a1c01bbd47fc00a2c39e90264f33305004495a9","hash":"184abe0b2b659d9cddee2965fdc311c0d79d9e14"}
,"F:\\full stack\\mosh courses\\vidly\\middleware\\admin.js": {"path":"F:\\full stack\\mosh courses\\vidly\\middleware\\admin.js","statementMap":{"0":{"start":{"line":1,"column":0},"end":{"line":6,"column":1}},"1":{"start":{"line":2,"column":4},"end":{"line":2,"column":92}},"2":{"start":{"line":2,"column":26},"end":{"line":2,"column":92}},"3":{"start":{"line":5,"column":4},"end":{"line":5,"column":11}}},"fnMap":{"0":{"name":"(anonymous_0)","decl":{"start":{"line":1,"column":17},"end":{"line":1,"column":18}},"loc":{"start":{"line":1,"column":40},"end":{"line":6,"column":1}},"line":1}},"branchMap":{"0":{"loc":{"start":{"line":2,"column":4},"end":{"line":2,"column":92}},"type":"if","locations":[{"start":{"line":2,"column":4},"end":{"line":2,"column":92}},{"start":{"line":2,"column":4},"end":{"line":2,"column":92}}],"line":2}},"s":{"0":5,"1":3,"2":1,"3":2},"f":{"0":3},"b":{"0":[1,2]},"_coverageSchema":"1a1c01bbd47fc00a2c39e90264f33305004495a9","hash":"358ba7d5f3a666516cd285436160168708e4788a"}
,"F:\\full stack\\mosh courses\\vidly\\middleware\\auth.js": {"path":"F:\\full stack\\mosh courses\\vidly\\middleware\\auth.js","statementMap":{"0":{"start":{"line":1,"column":12},"end":{"line":1,"column":35}},"1":{"start":{"line":2,"column":15},"end":{"line":2,"column":32}},"2":{"start":{"line":5,"column":18},"end":{"line":5,"column":44}},"3":{"start":{"line":6,"column":4},"end":{"line":6,"column":74}},"4":{"start":{"line":6,"column":16},"end":{"line":6,"column":74}},"5":{"start":{"line":9,"column":4},"end":{"line":16,"column":5}},"6":{"start":{"line":10,"column":24},"end":{"line":10,"column":69}},"7":{"start":{"line":11,"column":8},"end":{"line":11,"column":25}},"8":{"start":{"line":12,"column":8},"end":{"line":12,"column":15}},"9":{"start":{"line":15,"column":8},"end":{"line":15,"column":46}},"10":{"start":{"line":19,"column":0},"end":{"line":19,"column":22}}},"fnMap":{"0":{"name":"auth","decl":{"start":{"line":4,"column":9},"end":{"line":4,"column":13}},"loc":{"start":{"line":4,"column":28},"end":{"line":17,"column":1}},"line":4}},"branchMap":{"0":{"loc":{"start":{"line":6,"column":4},"end":{"line":6,"column":74}},"type":"if","locations":[{"start":{"line":6,"column":4},"end":{"line":6,"column":74}},{"start":{"line":6,"column":4},"end":{"line":6,"column":74}}],"line":6}},"s":{"0":6,"1":6,"2":26,"3":26,"4":4,"5":26,"6":26,"7":21,"8":21,"9":5,"10":6},"f":{"0":26},"b":{"0":[4,22]},"_coverageSchema":"1a1c01bbd47fc00a2c39e90264f33305004495a9","hash":"4d2de16a7f94c659354cd6eb4087b09f3e8ec632"}
,"F:\\full stack\\mosh courses\\vidly\\middleware\\error.js": {"path":"F:\\full stack\\mosh courses\\vidly\\middleware\\error.js","statementMap":{"0":{"start":{"line":1,"column":16},"end":{"line":1,"column":34}},"1":{"start":{"line":2,"column":0},"end":{"line":5,"column":2}},"2":{"start":{"line":3,"column":4},"end":{"line":3,"column":35}},"3":{"start":{"line":4,"column":4},"end":{"line":4,"column":44}}},"fnMap":{"0":{"name":"(anonymous_0)","decl":{"start":{"line":2,"column":17},"end":{"line":2,"column":18}},"loc":{"start":{"line":2,"column":43},"end":{"line":5,"column":1}},"line":2}},"branchMap":{},"s":{"0":5,"1":5,"2":4,"3":4},"f":{"0":4},"b":{},"_coverageSchema":"1a1c01bbd47fc00a2c39e90264f33305004495a9","hash":"4a9398b43bb3a20df549f0639b08c3beea7c346c"}
,"F:\\full stack\\mosh courses\\vidly\\middleware\\validate.js": {"path":"F:\\full stack\\mosh courses\\vidly\\middleware\\validate.js","statementMap":{"0":{"start":{"line":1,"column":0},"end":{"line":7,"column":1}},"1":{"start":{"line":2,"column":4},"end":{"line":6,"column":5}},"2":{"start":{"line":3,"column":24},"end":{"line":3,"column":43}},"3":{"start":{"line":4,"column":8},"end":{"line":4,"column":72}},"4":{"start":{"line":4,"column":18},"end":{"line":4,"column":72}},"5":{"start":{"line":5,"column":8},"end":{"line":5,"column":15}}},"fnMap":{"0":{"name":"(anonymous_0)","decl":{"start":{"line":1,"column":17},"end":{"line":1,"column":18}},"loc":{"start":{"line":1,"column":31},"end":{"line":7,"column":1}},"line":1},"1":{"name":"(anonymous_1)","decl":{"start":{"line":2,"column":11},"end":{"line":2,"column":12}},"loc":{"start":{"line":2,"column":28},"end":{"line":6,"column":5}},"line":2}},"branchMap":{"0":{"loc":{"start":{"line":4,"column":8},"end":{"line":4,"column":72}},"type":"if","locations":[{"start":{"line":4,"column":8},"end":{"line":4,"column":72}},{"start":{"line":4,"column":8},"end":{"line":4,"column":72}}],"line":4}},"s":{"0":5,"1":30,"2":19,"3":19,"4":8,"5":11},"f":{"0":30,"1":19},"b":{"0":[8,11]},"_coverageSchema":"1a1c01bbd47fc00a2c39e90264f33305004495a9","hash":"6affe4af3c45d0cdc47bf18cd0423945fc2c8fbe"}
,"F:\\full stack\\mosh courses\\vidly\\middleware\\validateObjectid.js": {"path":"F:\\full stack\\mosh courses\\vidly\\middleware\\validateObjectid.js","statementMap":{"0":{"start":{"line":1,"column":17},"end":{"line":1,"column":36}},"1":{"start":{"line":3,"column":0},"end":{"line":8,"column":1}},"2":{"start":{"line":4,"column":4},"end":{"line":5,"column":50}},"3":{"start":{"line":5,"column":8},"end":{"line":5,"column":50}},"4":{"start":{"line":7,"column":4},"end":{"line":7,"column":11}}},"fnMap":{"0":{"name":"(anonymous_0)","decl":{"start":{"line":3,"column":17},"end":{"line":3,"column":18}},"loc":{"start":{"line":3,"column":39},"end":{"line":8,"column":1}},"line":3}},"branchMap":{"0":{"loc":{"start":{"line":4,"column":4},"end":{"line":5,"column":50}},"type":"if","locations":[{"start":{"line":4,"column":4},"end":{"line":5,"column":50}},{"start":{"line":4,"column":4},"end":{"line":5,"column":50}}],"line":4}},"s":{"0":5,"1":5,"2":3,"3":1,"4":2},"f":{"0":3},"b":{"0":[1,2]},"_coverageSchema":"1a1c01bbd47fc00a2c39e90264f33305004495a9","hash":"8dba80a33ea08446eca88ae90e632fcf0af534d3"}
,"F:\\full stack\\mosh courses\\vidly\\models\\customer.js": {"path":"F:\\full stack\\mosh courses\\vidly\\models\\customer.js","statementMap":{"0":{"start":{"line":1,"column":17},"end":{"line":1,"column":36}},"1":{"start":{"line":2,"column":12},"end":{"line":2,"column":26}},"2":{"start":{"line":5,"column":17},"end":{"line":18,"column":5}},"3":{"start":{"line":22,"column":19},"end":{"line":26,"column":5}},"4":{"start":{"line":27,"column":4},"end":{"line":27,"column":41}},"5":{"start":{"line":31,"column":0},"end":{"line":31,"column":34}},"6":{"start":{"line":32,"column":0},"end":{"line":32,"column":49}}},"fnMap":{"0":{"name":"validateCustomer","decl":{"start":{"line":21,"column":9},"end":{"line":21,"column":25}},"loc":{"start":{"line":21,"column":35},"end":{"line":28,"column":3}},"line":21}},"branchMap":{},"s":{"0":5,"1":5,"2":5,"3":0,"4":0,"5":5,"6":5},"f":{"0":0},"b":{},"_coverageSchema":"1a1c01bbd47fc00a2c39e90264f33305004495a9","hash":"d6b73e13b0992dfc760032d866780c9b7ee00ef0"}
,"F:\\full stack\\mosh courses\\vidly\\models\\genre.js": {"path":"F:\\full stack\\mosh courses\\vidly\\models\\genre.js","statementMap":{"0":{"start":{"line":1,"column":17},"end":{"line":1,"column":36}},"1":{"start":{"line":2,"column":12},"end":{"line":2,"column":26}},"2":{"start":{"line":4,"column":20},"end":{"line":9,"column":2}},"3":{"start":{"line":14,"column":21},"end":{"line":16,"column":9}},"4":{"start":{"line":17,"column":8},"end":{"line":17,"column":42}},"5":{"start":{"line":21,"column":14},"end":{"line":21,"column":49}},"6":{"start":{"line":23,"column":0},"end":{"line":23,"column":29}},"7":{"start":{"line":24,"column":0},"end":{"line":24,"column":45}},"8":{"start":{"line":25,"column":0},"end":{"line":25,"column":40}}},"fnMap":{"0":{"name":"validateGenre","decl":{"start":{"line":13,"column":9},"end":{"line":13,"column":22}},"loc":{"start":{"line":13,"column":29},"end":{"line":18,"column":1}},"line":13}},"branchMap":{},"s":{"0":5,"1":5,"2":5,"3":8,"4":8,"5":5,"6":5,"7":5,"8":5},"f":{"0":8},"b":{},"_coverageSchema":"1a1c01bbd47fc00a2c39e90264f33305004495a9","hash":"e1f366b4028692153f0a7daf659c44570906dbcf"}
,"F:\\full stack\\mosh courses\\vidly\\models\\movie.js": {"path":"F:\\full stack\\mosh courses\\vidly\\models\\movie.js","statementMap":{"0":{"start":{"line":1,"column":17},"end":{"line":1,"column":36}},"1":{"start":{"line":2,"column":12},"end":{"line":2,"column":26}},"2":{"start":{"line":3,"column":22},"end":{"line":3,"column":40}},"3":{"start":{"line":5,"column":14},"end":{"line":29,"column":3}},"4":{"start":{"line":32,"column":19},"end":{"line":37,"column":5}},"5":{"start":{"line":39,"column":4},"end":{"line":39,"column":38}},"6":{"start":{"line":43,"column":0},"end":{"line":43,"column":29}},"7":{"start":{"line":44,"column":0},"end":{"line":44,"column":45}}},"fnMap":{"0":{"name":"validateMovie","decl":{"start":{"line":31,"column":9},"end":{"line":31,"column":22}},"loc":{"start":{"line":31,"column":29},"end":{"line":40,"column":1}},"line":31}},"branchMap":{},"s":{"0":5,"1":5,"2":5,"3":5,"4":0,"5":0,"6":5,"7":5},"f":{"0":0},"b":{},"_coverageSchema":"1a1c01bbd47fc00a2c39e90264f33305004495a9","hash":"c5db589beafe01f0c33637617c26963b8df07c37"}
,"F:\\full stack\\mosh courses\\vidly\\models\\rental.js": {"path":"F:\\full stack\\mosh courses\\vidly\\models\\rental.js","statementMap":{"0":{"start":{"line":1,"column":12},"end":{"line":1,"column":26}},"1":{"start":{"line":2,"column":17},"end":{"line":2,"column":36}},"2":{"start":{"line":3,"column":15},"end":{"line":3,"column":32}},"3":{"start":{"line":5,"column":21},"end":{"line":57,"column":2}},"4":{"start":{"line":59,"column":0},"end":{"line":64,"column":1}},"5":{"start":{"line":60,"column":4},"end":{"line":63,"column":7}},"6":{"start":{"line":66,"column":0},"end":{"line":70,"column":1}},"7":{"start":{"line":67,"column":4},"end":{"line":67,"column":35}},"8":{"start":{"line":69,"column":4},"end":{"line":69,"column":84}},"9":{"start":{"line":72,"column":15},"end":{"line":72,"column":52}},"10":{"start":{"line":75,"column":19},"end":{"line":78,"column":5}},"11":{"start":{"line":80,"column":4},"end":{"line":80,"column":39}},"12":{"start":{"line":83,"column":0},"end":{"line":83,"column":31}},"13":{"start":{"line":84,"column":0},"end":{"line":84,"column":47}}},"fnMap":{"0":{"name":"(anonymous_0)","decl":{"start":{"line":59,"column":30},"end":{"line":59,"column":31}},"loc":{"start":{"line":59,"column":58},"end":{"line":64,"column":1}},"line":59},"1":{"name":"(anonymous_1)","decl":{"start":{"line":66,"column":30},"end":{"line":66,"column":31}},"loc":{"start":{"line":66,"column":40},"end":{"line":70,"column":1}},"line":66},"2":{"name":"validateRental","decl":{"start":{"line":74,"column":9},"end":{"line":74,"column":23}},"loc":{"start":{"line":74,"column":31},"end":{"line":81,"column":1}},"line":74}},"branchMap":{},"s":{"0":5,"1":5,"2":5,"3":5,"4":5,"5":7,"6":5,"7":5,"8":5,"9":5,"10":0,"11":0,"12":5,"13":5},"f":{"0":7,"1":5,"2":0},"b":{},"_coverageSchema":"1a1c01bbd47fc00a2c39e90264f33305004495a9","hash":"009334e92f58f547d4b4151be6335e9a7e1f5b20"}
,"F:\\full stack\\mosh courses\\vidly\\models\\user.js": {"path":"F:\\full stack\\mosh courses\\vidly\\models\\user.js","statementMap":{"0":{"start":{"line":1,"column":12},"end":{"line":1,"column":26}},"1":{"start":{"line":2,"column":17},"end":{"line":2,"column":36}},"2":{"start":{"line":3,"column":15},"end":{"line":3,"column":32}},"3":{"start":{"line":4,"column":12},"end":{"line":4,"column":35}},"4":{"start":{"line":6,"column":19},"end":{"line":25,"column":2}},"5":{"start":{"line":27,"column":0},"end":{"line":30,"column":1}},"6":{"start":{"line":28,"column":18},"end":{"line":28,"column":91}},"7":{"start":{"line":29,"column":4},"end":{"line":29,"column":17}},"8":{"start":{"line":31,"column":13},"end":{"line":31,"column":46}},"9":{"start":{"line":34,"column":19},"end":{"line":38,"column":5}},"10":{"start":{"line":40,"column":4},"end":{"line":40,"column":37}},"11":{"start":{"line":43,"column":0},"end":{"line":43,"column":27}},"12":{"start":{"line":44,"column":0},"end":{"line":44,"column":43}}},"fnMap":{"0":{"name":"(anonymous_0)","decl":{"start":{"line":27,"column":39},"end":{"line":27,"column":40}},"loc":{"start":{"line":27,"column":49},"end":{"line":30,"column":1}},"line":27},"1":{"name":"validateUser","decl":{"start":{"line":33,"column":9},"end":{"line":33,"column":21}},"loc":{"start":{"line":33,"column":27},"end":{"line":41,"column":1}},"line":33}},"branchMap":{},"s":{"0":7,"1":7,"2":7,"3":7,"4":7,"5":7,"6":28,"7":28,"8":7,"9":5,"10":5,"11":7,"12":7},"f":{"0":28,"1":5},"b":{},"_coverageSchema":"1a1c01bbd47fc00a2c39e90264f33305004495a9","hash":"edb7740889b2da3dd659751335ea7672753e38bf"}
,"F:\\full stack\\mosh courses\\vidly\\routes\\auth.js": {"path":"F:\\full stack\\mosh courses\\vidly\\routes\\auth.js","statementMap":{"0":{"start":{"line":1,"column":13},"end":{"line":1,"column":27}},"1":{"start":{"line":2,"column":15},"end":{"line":2,"column":32}},"2":{"start":{"line":3,"column":12},"end":{"line":3,"column":35}},"3":{"start":{"line":4,"column":15},"end":{"line":4,"column":32}},"4":{"start":{"line":5,"column":16},"end":{"line":5,"column":34}},"5":{"start":{"line":6,"column":17},"end":{"line":6,"column":36}},"6":{"start":{"line":7,"column":15},"end":{"line":7,"column":40}},"7":{"start":{"line":8,"column":30},"end":{"line":8,"column":53}},"8":{"start":{"line":9,"column":15},"end":{"line":9,"column":31}},"9":{"start":{"line":12,"column":0},"end":{"line":24,"column":2}},"10":{"start":{"line":13,"column":20},"end":{"line":13,"column":38}},"11":{"start":{"line":14,"column":4},"end":{"line":14,"column":67}},"12":{"start":{"line":14,"column":14},"end":{"line":14,"column":67}},"13":{"start":{"line":16,"column":15},"end":{"line":16,"column":57}},"14":{"start":{"line":17,"column":4},"end":{"line":17,"column":72}},"15":{"start":{"line":17,"column":14},"end":{"line":17,"column":72}},"16":{"start":{"line":19,"column":26},"end":{"line":19,"column":79}},"17":{"start":{"line":20,"column":4},"end":{"line":20,"column":79}},"18":{"start":{"line":20,"column":23},"end":{"line":20,"column":79}},"19":{"start":{"line":22,"column":18},"end":{"line":22,"column":42}},"20":{"start":{"line":23,"column":4},"end":{"line":23,"column":20}},"21":{"start":{"line":27,"column":17},"end":{"line":30,"column":5}},"22":{"start":{"line":31,"column":4},"end":{"line":31,"column":37}},"23":{"start":{"line":33,"column":0},"end":{"line":33,"column":24}}},"fnMap":{"0":{"name":"(anonymous_0)","decl":{"start":{"line":12,"column":16},"end":{"line":12,"column":17}},"loc":{"start":{"line":12,"column":32},"end":{"line":24,"column":1}},"line":12},"1":{"name":"validate","decl":{"start":{"line":26,"column":9},"end":{"line":26,"column":17}},"loc":{"start":{"line":26,"column":23},"end":{"line":32,"column":1}},"line":26}},"branchMap":{"0":{"loc":{"start":{"line":14,"column":4},"end":{"line":14,"column":67}},"type":"if","locations":[{"start":{"line":14,"column":4},"end":{"line":14,"column":67}},{"start":{"line":14,"column":4},"end":{"line":14,"column":67}}],"line":14},"1":{"loc":{"start":{"line":17,"column":4},"end":{"line":17,"column":72}},"type":"if","locations":[{"start":{"line":17,"column":4},"end":{"line":17,"column":72}},{"start":{"line":17,"column":4},"end":{"line":17,"column":72}}],"line":17},"2":{"loc":{"start":{"line":20,"column":4},"end":{"line":20,"column":79}},"type":"if","locations":[{"start":{"line":20,"column":4},"end":{"line":20,"column":79}},{"start":{"line":20,"column":4},"end":{"line":20,"column":79}}],"line":20}},"s":{"0":5,"1":5,"2":5,"3":5,"4":5,"5":5,"6":5,"7":5,"8":5,"9":5,"10":5,"11":5,"12":2,"13":3,"14":3,"15":1,"16":2,"17":2,"18":2,"19":0,"20":0,"21":5,"22":5,"23":5},"f":{"0":5,"1":5},"b":{"0":[2,3],"1":[1,2],"2":[2,0]},"_coverageSchema":"1a1c01bbd47fc00a2c39e90264f33305004495a9","hash":"f154d1a392326bbad4ea155e4cf0e2818aaa094c"}
,"F:\\full stack\\mosh courses\\vidly\\routes\\customers.js": {"path":"F:\\full stack\\mosh courses\\vidly\\routes\\customers.js","statementMap":{"0":{"start":{"line":1,"column":13},"end":{"line":1,"column":42}},"1":{"start":{"line":2,"column":17},"end":{"line":2,"column":50}},"2":{"start":{"line":4,"column":16},"end":{"line":4,"column":34}},"3":{"start":{"line":5,"column":15},"end":{"line":5,"column":31}},"4":{"start":{"line":6,"column":36},"end":{"line":6,"column":65}},"5":{"start":{"line":8,"column":0},"end":{"line":11,"column":2}},"6":{"start":{"line":9,"column":19},"end":{"line":9,"column":40}},"7":{"start":{"line":10,"column":2},"end":{"line":10,"column":21}},"8":{"start":{"line":13,"column":0},"end":{"line":18,"column":3}},"9":{"start":{"line":16,"column":17},"end":{"line":16,"column":48}},"10":{"start":{"line":17,"column":2},"end":{"line":17,"column":20}},"11":{"start":{"line":22,"column":0},"end":{"line":22,"column":24}}},"fnMap":{"0":{"name":"(anonymous_0)","decl":{"start":{"line":8,"column":15},"end":{"line":8,"column":16}},"loc":{"start":{"line":8,"column":32},"end":{"line":11,"column":1}},"line":8},"1":{"name":"(anonymous_1)","decl":{"start":{"line":13,"column":50},"end":{"line":13,"column":51}},"loc":{"start":{"line":13,"column":67},"end":{"line":18,"column":1}},"line":13}},"branchMap":{},"s":{"0":5,"1":5,"2":5,"3":5,"4":5,"5":5,"6":0,"7":0,"8":5,"9":0,"10":0,"11":5},"f":{"0":0,"1":0},"b":{},"_coverageSchema":"1a1c01bbd47fc00a2c39e90264f33305004495a9","hash":"98a8808b274129ef823bf472c2cfa007f485f38b"}
,"F:\\full stack\\mosh courses\\vidly\\routes\\genres.js": {"path":"F:\\full stack\\mosh courses\\vidly\\routes\\genres.js","statementMap":{"0":{"start":{"line":1,"column":13},"end":{"line":1,"column":42}},"1":{"start":{"line":2,"column":14},"end":{"line":2,"column":44}},"2":{"start":{"line":3,"column":17},"end":{"line":3,"column":58}},"3":{"start":{"line":4,"column":17},"end":{"line":4,"column":36}},"4":{"start":{"line":5,"column":16},"end":{"line":5,"column":34}},"5":{"start":{"line":6,"column":12},"end":{"line":6,"column":26}},"6":{"start":{"line":7,"column":15},"end":{"line":7,"column":31}},"7":{"start":{"line":8,"column":30},"end":{"line":8,"column":56}},"8":{"start":{"line":9,"column":25},"end":{"line":9,"column":58}},"9":{"start":{"line":12,"column":0},"end":{"line":16,"column":2}},"10":{"start":{"line":14,"column":16},"end":{"line":14,"column":34}},"11":{"start":{"line":15,"column":2},"end":{"line":15,"column":18}},"12":{"start":{"line":18,"column":0},"end":{"line":24,"column":3}},"13":{"start":{"line":22,"column":14},"end":{"line":22,"column":42}},"14":{"start":{"line":23,"column":2},"end":{"line":23,"column":17}},"15":{"start":{"line":26,"column":0},"end":{"line":37,"column":3}},"16":{"start":{"line":27,"column":18},"end":{"line":27,"column":41}},"17":{"start":{"line":28,"column":2},"end":{"line":28,"column":66}},"18":{"start":{"line":28,"column":13},"end":{"line":28,"column":66}},"19":{"start":{"line":30,"column":16},"end":{"line":32,"column":4}},"20":{"start":{"line":34,"column":2},"end":{"line":34,"column":71}},"21":{"start":{"line":34,"column":13},"end":{"line":34,"column":71}},"22":{"start":{"line":35,"column":2},"end":{"line":35,"column":18}},"23":{"start":{"line":40,"column":0},"end":{"line":44,"column":3}},"24":{"start":{"line":41,"column":16},"end":{"line":41,"column":60}},"25":{"start":{"line":42,"column":2},"end":{"line":42,"column":72}},"26":{"start":{"line":42,"column":13},"end":{"line":42,"column":72}},"27":{"start":{"line":43,"column":2},"end":{"line":43,"column":18}},"28":{"start":{"line":46,"column":0},"end":{"line":50,"column":3}},"29":{"start":{"line":47,"column":16},"end":{"line":47,"column":51}},"30":{"start":{"line":48,"column":2},"end":{"line":48,"column":71}},"31":{"start":{"line":48,"column":13},"end":{"line":48,"column":71}},"32":{"start":{"line":49,"column":2},"end":{"line":49,"column":18}},"33":{"start":{"line":54,"column":0},"end":{"line":54,"column":24}}},"fnMap":{"0":{"name":"(anonymous_0)","decl":{"start":{"line":12,"column":15},"end":{"line":12,"column":16}},"loc":{"start":{"line":12,"column":32},"end":{"line":16,"column":1}},"line":12},"1":{"name":"(anonymous_1)","decl":{"start":{"line":18,"column":55},"end":{"line":18,"column":56}},"loc":{"start":{"line":18,"column":72},"end":{"line":24,"column":1}},"line":18},"2":{"name":"(anonymous_2)","decl":{"start":{"line":26,"column":23},"end":{"line":26,"column":24}},"loc":{"start":{"line":26,"column":40},"end":{"line":37,"column":1}},"line":26},"3":{"name":"(anonymous_3)","decl":{"start":{"line":40,"column":35},"end":{"line":40,"column":36}},"loc":{"start":{"line":40,"column":52},"end":{"line":44,"column":1}},"line":40},"4":{"name":"(anonymous_4)","decl":{"start":{"line":46,"column":27},"end":{"line":46,"column":28}},"loc":{"start":{"line":46,"column":43},"end":{"line":50,"column":1}},"line":46}},"branchMap":{"0":{"loc":{"start":{"line":28,"column":2},"end":{"line":28,"column":66}},"type":"if","locations":[{"start":{"line":28,"column":2},"end":{"line":28,"column":66}},{"start":{"line":28,"column":2},"end":{"line":28,"column":66}}],"line":28},"1":{"loc":{"start":{"line":34,"column":2},"end":{"line":34,"column":71}},"type":"if","locations":[{"start":{"line":34,"column":2},"end":{"line":34,"column":71}},{"start":{"line":34,"column":2},"end":{"line":34,"column":71}}],"line":34},"2":{"loc":{"start":{"line":42,"column":2},"end":{"line":42,"column":72}},"type":"if","locations":[{"start":{"line":42,"column":2},"end":{"line":42,"column":72}},{"start":{"line":42,"column":2},"end":{"line":42,"column":72}}],"line":42},"3":{"loc":{"start":{"line":48,"column":2},"end":{"line":48,"column":71}},"type":"if","locations":[{"start":{"line":48,"column":2},"end":{"line":48,"column":71}},{"start":{"line":48,"column":2},"end":{"line":48,"column":71}}],"line":48}},"s":{"0":5,"1":5,"2":5,"3":5,"4":5,"5":5,"6":5,"7":5,"8":5,"9":5,"10":1,"11":1,"12":5,"13":3,"14":3,"15":5,"16":3,"17":3,"18":1,"19":2,"20":2,"21":1,"22":1,"23":5,"24":2,"25":2,"26":1,"27":1,"28":5,"29":2,"30":2,"31":1,"32":1,"33":5},"f":{"0":1,"1":3,"2":3,"3":2,"4":2},"b":{"0":[1,2],"1":[1,1],"2":[1,1],"3":[1,1]},"_coverageSchema":"1a1c01bbd47fc00a2c39e90264f33305004495a9","hash":"393302aba7fb5d76e3b15ca108b541ced9f1e903"}
,"F:\\full stack\\mosh courses\\vidly\\routes\\movies.js": {"path":"F:\\full stack\\mosh courses\\vidly\\routes\\movies.js","statementMap":{"0":{"start":{"line":1,"column":30},"end":{"line":1,"column":56}},"1":{"start":{"line":2,"column":16},"end":{"line":2,"column":42}},"2":{"start":{"line":3,"column":18},"end":{"line":3,"column":37}},"3":{"start":{"line":4,"column":16},"end":{"line":4,"column":34}},"4":{"start":{"line":5,"column":13},"end":{"line":5,"column":42}},"5":{"start":{"line":6,"column":15},"end":{"line":6,"column":31}},"6":{"start":{"line":7,"column":16},"end":{"line":7,"column":49}},"7":{"start":{"line":8,"column":0},"end":{"line":11,"column":3}},"8":{"start":{"line":9,"column":18},"end":{"line":9,"column":36}},"9":{"start":{"line":10,"column":4},"end":{"line":10,"column":19}},"10":{"start":{"line":13,"column":0},"end":{"line":34,"column":2}},"11":{"start":{"line":17,"column":18},"end":{"line":17,"column":56}},"12":{"start":{"line":18,"column":4},"end":{"line":18,"column":57}},"13":{"start":{"line":18,"column":15},"end":{"line":18,"column":57}},"14":{"start":{"line":20,"column":16},"end":{"line":28,"column":6}},"15":{"start":{"line":30,"column":0},"end":{"line":30,"column":27}},"16":{"start":{"line":32,"column":0},"end":{"line":32,"column":15}},"17":{"start":{"line":36,"column":0},"end":{"line":36,"column":24}}},"fnMap":{"0":{"name":"(anonymous_0)","decl":{"start":{"line":8,"column":16},"end":{"line":8,"column":17}},"loc":{"start":{"line":8,"column":34},"end":{"line":11,"column":1}},"line":8},"1":{"name":"(anonymous_1)","decl":{"start":{"line":13,"column":48},"end":{"line":13,"column":49}},"loc":{"start":{"line":13,"column":65},"end":{"line":34,"column":1}},"line":13}},"branchMap":{"0":{"loc":{"start":{"line":18,"column":4},"end":{"line":18,"column":57}},"type":"if","locations":[{"start":{"line":18,"column":4},"end":{"line":18,"column":57}},{"start":{"line":18,"column":4},"end":{"line":18,"column":57}}],"line":18}},"s":{"0":5,"1":5,"2":5,"3":5,"4":5,"5":5,"6":5,"7":5,"8":0,"9":0,"10":5,"11":0,"12":0,"13":0,"14":0,"15":0,"16":0,"17":5},"f":{"0":0,"1":0},"b":{"0":[0,0]},"_coverageSchema":"1a1c01bbd47fc00a2c39e90264f33305004495a9","hash":"d9c2ce16ebda75e61f5d680f5710d53f66a9c529"}
,"F:\\full stack\\mosh courses\\vidly\\routes\\rentals.js": {"path":"F:\\full stack\\mosh courses\\vidly\\routes\\rentals.js","statementMap":{"0":{"start":{"line":1,"column":32},"end":{"line":1,"column":59}},"1":{"start":{"line":2,"column":16},"end":{"line":2,"column":42}},"2":{"start":{"line":3,"column":19},"end":{"line":3,"column":48}},"3":{"start":{"line":4,"column":13},"end":{"line":4,"column":42}},"4":{"start":{"line":5,"column":16},"end":{"line":5,"column":34}},"5":{"start":{"line":6,"column":17},"end":{"line":6,"column":36}},"6":{"start":{"line":7,"column":13},"end":{"line":7,"column":28}},"7":{"start":{"line":8,"column":15},"end":{"line":8,"column":31}},"8":{"start":{"line":9,"column":16},"end":{"line":9,"column":49}},"9":{"start":{"line":11,"column":0},"end":{"line":11,"column":20}},"10":{"start":{"line":13,"column":0},"end":{"line":16,"column":2}},"11":{"start":{"line":14,"column":19},"end":{"line":14,"column":53}},"12":{"start":{"line":15,"column":4},"end":{"line":15,"column":21}},"13":{"start":{"line":18,"column":0},"end":{"line":57,"column":2}},"14":{"start":{"line":22,"column":21},"end":{"line":22,"column":65}},"15":{"start":{"line":23,"column":4},"end":{"line":23,"column":70}},"16":{"start":{"line":23,"column":19},"end":{"line":23,"column":70}},"17":{"start":{"line":25,"column":18},"end":{"line":25,"column":56}},"18":{"start":{"line":26,"column":4},"end":{"line":26,"column":62}},"19":{"start":{"line":26,"column":15},"end":{"line":26,"column":62}},"20":{"start":{"line":28,"column":4},"end":{"line":28,"column":83}},"21":{"start":{"line":28,"column":34},"end":{"line":28,"column":83}},"22":{"start":{"line":30,"column":17},"end":{"line":41,"column":6}},"23":{"start":{"line":43,"column":4},"end":{"line":55,"column":5}},"24":{"start":{"line":44,"column":8},"end":{"line":49,"column":14}},"25":{"start":{"line":51,"column":4},"end":{"line":51,"column":21}},"26":{"start":{"line":54,"column":8},"end":{"line":54,"column":46}},"27":{"start":{"line":59,"column":0},"end":{"line":59,"column":24}}},"fnMap":{"0":{"name":"(anonymous_0)","decl":{"start":{"line":13,"column":15},"end":{"line":13,"column":16}},"loc":{"start":{"line":13,"column":32},"end":{"line":16,"column":1}},"line":13},"1":{"name":"(anonymous_1)","decl":{"start":{"line":18,"column":48},"end":{"line":18,"column":49}},"loc":{"start":{"line":18,"column":65},"end":{"line":57,"column":1}},"line":18}},"branchMap":{"0":{"loc":{"start":{"line":23,"column":4},"end":{"line":23,"column":70}},"type":"if","locations":[{"start":{"line":23,"column":4},"end":{"line":23,"column":70}},{"start":{"line":23,"column":4},"end":{"line":23,"column":70}}],"line":23},"1":{"loc":{"start":{"line":26,"column":4},"end":{"line":26,"column":62}},"type":"if","locations":[{"start":{"line":26,"column":4},"end":{"line":26,"column":62}},{"start":{"line":26,"column":4},"end":{"line":26,"column":62}}],"line":26},"2":{"loc":{"start":{"line":28,"column":4},"end":{"line":28,"column":83}},"type":"if","locations":[{"start":{"line":28,"column":4},"end":{"line":28,"column":83}},{"start":{"line":28,"column":4},"end":{"line":28,"column":83}}],"line":28}},"s":{"0":5,"1":5,"2":5,"3":5,"4":5,"5":5,"6":5,"7":5,"8":5,"9":5,"10":5,"11":0,"12":0,"13":5,"14":0,"15":0,"16":0,"17":0,"18":0,"19":0,"20":0,"21":0,"22":0,"23":0,"24":0,"25":0,"26":0,"27":5},"f":{"0":0,"1":0},"b":{"0":[0,0],"1":[0,0],"2":[0,0]},"_coverageSchema":"1a1c01bbd47fc00a2c39e90264f33305004495a9","hash":"3d7686ee56a12ce28ef3eed94dcd6d2f1c03a474"}
,"F:\\full stack\\mosh courses\\vidly\\routes\\returns.js": {"path":"F:\\full stack\\mosh courses\\vidly\\routes\\returns.js","statementMap":{"0":{"start":{"line":1,"column":16},"end":{"line":1,"column":34}},"1":{"start":{"line":2,"column":15},"end":{"line":2,"column":31}},"2":{"start":{"line":3,"column":17},"end":{"line":3,"column":44}},"3":{"start":{"line":4,"column":16},"end":{"line":4,"column":42}},"4":{"start":{"line":5,"column":13},"end":{"line":5,"column":42}},"5":{"start":{"line":6,"column":12},"end":{"line":6,"column":26}},"6":{"start":{"line":7,"column":17},"end":{"line":7,"column":50}},"7":{"start":{"line":12,"column":0},"end":{"line":31,"column":3}},"8":{"start":{"line":17,"column":19},"end":{"line":17,"column":76}},"9":{"start":{"line":18,"column":4},"end":{"line":18,"column":64}},"10":{"start":{"line":18,"column":16},"end":{"line":18,"column":64}},"11":{"start":{"line":20,"column":4},"end":{"line":20,"column":87}},"12":{"start":{"line":20,"column":28},"end":{"line":20,"column":87}},"13":{"start":{"line":22,"column":4},"end":{"line":22,"column":20}},"14":{"start":{"line":23,"column":4},"end":{"line":23,"column":23}},"15":{"start":{"line":25,"column":4},"end":{"line":27,"column":7}},"16":{"start":{"line":29,"column":4},"end":{"line":29,"column":28}},"17":{"start":{"line":34,"column":18},"end":{"line":37,"column":5}},"18":{"start":{"line":38,"column":4},"end":{"line":38,"column":36}},"19":{"start":{"line":41,"column":0},"end":{"line":41,"column":24}}},"fnMap":{"0":{"name":"(anonymous_0)","decl":{"start":{"line":12,"column":48},"end":{"line":12,"column":49}},"loc":{"start":{"line":12,"column":65},"end":{"line":31,"column":1}},"line":12},"1":{"name":"validateReturn","decl":{"start":{"line":33,"column":10},"end":{"line":33,"column":24}},"loc":{"start":{"line":33,"column":29},"end":{"line":39,"column":1}},"line":33}},"branchMap":{"0":{"loc":{"start":{"line":18,"column":4},"end":{"line":18,"column":64}},"type":"if","locations":[{"start":{"line":18,"column":4},"end":{"line":18,"column":64}},{"start":{"line":18,"column":4},"end":{"line":18,"column":64}}],"line":18},"1":{"loc":{"start":{"line":20,"column":4},"end":{"line":20,"column":87}},"type":"if","locations":[{"start":{"line":20,"column":4},"end":{"line":20,"column":87}},{"start":{"line":20,"column":4},"end":{"line":20,"column":87}}],"line":20}},"s":{"0":5,"1":5,"2":5,"3":5,"4":5,"5":5,"6":5,"7":5,"8":7,"9":7,"10":1,"11":6,"12":1,"13":5,"14":5,"15":5,"16":5,"17":9,"18":9,"19":5},"f":{"0":7,"1":9},"b":{"0":[1,6],"1":[1,5]},"_coverageSchema":"1a1c01bbd47fc00a2c39e90264f33305004495a9","hash":"d226a2d04ca12924320f642c9f5ffee529f1e4a8"}
,"F:\\full stack\\mosh courses\\vidly\\routes\\users.js": {"path":"F:\\full stack\\mosh courses\\vidly\\routes\\users.js","statementMap":{"0":{"start":{"line":1,"column":10},"end":{"line":1,"column":27}},"1":{"start":{"line":2,"column":15},"end":{"line":2,"column":32}},"2":{"start":{"line":3,"column":16},"end":{"line":3,"column":34}},"3":{"start":{"line":4,"column":17},"end":{"line":4,"column":36}},"4":{"start":{"line":5,"column":28},"end":{"line":5,"column":53}},"5":{"start":{"line":6,"column":15},"end":{"line":6,"column":31}},"6":{"start":{"line":7,"column":17},"end":{"line":7,"column":50}},"7":{"start":{"line":9,"column":0},"end":{"line":12,"column":2}},"8":{"start":{"line":10,"column":18},"end":{"line":10,"column":35}},"9":{"start":{"line":11,"column":4},"end":{"line":11,"column":19}},"10":{"start":{"line":14,"column":0},"end":{"line":29,"column":2}},"11":{"start":{"line":18,"column":15},"end":{"line":18,"column":57}},"12":{"start":{"line":19,"column":4},"end":{"line":19,"column":67}},"13":{"start":{"line":19,"column":13},"end":{"line":19,"column":67}},"14":{"start":{"line":21,"column":19},"end":{"line":21,"column":27}},"15":{"start":{"line":22,"column":17},"end":{"line":22,"column":41}},"16":{"start":{"line":23,"column":4},"end":{"line":23,"column":65}},"17":{"start":{"line":25,"column":4},"end":{"line":25,"column":39}},"18":{"start":{"line":26,"column":18},"end":{"line":26,"column":42}},"19":{"start":{"line":28,"column":4},"end":{"line":28,"column":80}},"20":{"start":{"line":31,"column":0},"end":{"line":31,"column":24}}},"fnMap":{"0":{"name":"(anonymous_0)","decl":{"start":{"line":9,"column":16},"end":{"line":9,"column":17}},"loc":{"start":{"line":9,"column":32},"end":{"line":12,"column":1}},"line":9},"1":{"name":"(anonymous_1)","decl":{"start":{"line":14,"column":39},"end":{"line":14,"column":40}},"loc":{"start":{"line":14,"column":55},"end":{"line":29,"column":1}},"line":14}},"branchMap":{"0":{"loc":{"start":{"line":19,"column":4},"end":{"line":19,"column":67}},"type":"if","locations":[{"start":{"line":19,"column":4},"end":{"line":19,"column":67}},{"start":{"line":19,"column":4},"end":{"line":19,"column":67}}],"line":19}},"s":{"0":5,"1":5,"2":5,"3":5,"4":5,"5":5,"6":5,"7":5,"8":1,"9":1,"10":5,"11":1,"12":1,"13":0,"14":1,"15":1,"16":1,"17":1,"18":1,"19":1,"20":5},"f":{"0":1,"1":1},"b":{"0":[0,1]},"_coverageSchema":"1a1c01bbd47fc00a2c39e90264f33305004495a9","hash":"3bf4d996eab5d20eca83e335db07aa862f941139"}
,"F:\\full stack\\mosh courses\\vidly\\startup\\config.js": {"path":"F:\\full stack\\mosh courses\\vidly\\startup\\config.js","statementMap":{"0":{"start":{"line":1,"column":15},"end":{"line":1,"column":32}},"1":{"start":{"line":3,"column":0},"end":{"line":7,"column":1}},"2":{"start":{"line":4,"column":4},"end":{"line":6,"column":5}},"3":{"start":{"line":5,"column":8},"end":{"line":5,"column":70}}},"fnMap":{"0":{"name":"(anonymous_0)","decl":{"start":{"line":3,"column":17},"end":{"line":3,"column":18}},"loc":{"start":{"line":3,"column":27},"end":{"line":7,"column":1}},"line":3}},"branchMap":{"0":{"loc":{"start":{"line":4,"column":4},"end":{"line":6,"column":5}},"type":"if","locations":[{"start":{"line":4,"column":4},"end":{"line":6,"column":5}},{"start":{"line":4,"column":4},"end":{"line":6,"column":5}}],"line":4}},"s":{"0":5,"1":5,"2":5,"3":0},"f":{"0":5},"b":{"0":[0,5]},"_coverageSchema":"1a1c01bbd47fc00a2c39e90264f33305004495a9","hash":"87f3ea9b55bb5cb1308fb369774436f7477647f3"}
,"F:\\full stack\\mosh courses\\vidly\\startup\\db.js": {"path":"F:\\full stack\\mosh courses\\vidly\\startup\\db.js","statementMap":{"0":{"start":{"line":1,"column":16},"end":{"line":1,"column":34}},"1":{"start":{"line":2,"column":17},"end":{"line":2,"column":36}},"2":{"start":{"line":3,"column":15},"end":{"line":3,"column":32}},"3":{"start":{"line":5,"column":0},"end":{"line":13,"column":1}},"4":{"start":{"line":6,"column":13},"end":{"line":6,"column":29}},"5":{"start":{"line":7,"column":4},"end":{"line":11,"column":49}},"6":{"start":{"line":11,"column":13},"end":{"line":11,"column":48}}},"fnMap":{"0":{"name":"(anonymous_0)","decl":{"start":{"line":5,"column":17},"end":{"line":5,"column":18}},"loc":{"start":{"line":5,"column":27},"end":{"line":13,"column":1}},"line":5},"1":{"name":"(anonymous_1)","decl":{"start":{"line":11,"column":7},"end":{"line":11,"column":8}},"loc":{"start":{"line":11,"column":13},"end":{"line":11,"column":48}},"line":11}},"branchMap":{},"s":{"0":5,"1":5,"2":5,"3":5,"4":5,"5":5,"6":5},"f":{"0":5,"1":5},"b":{},"_coverageSchema":"1a1c01bbd47fc00a2c39e90264f33305004495a9","hash":"54ec7eb786f795932b5e4cd0eaaa2a5a5d216583"}
,"F:\\full stack\\mosh courses\\vidly\\startup\\logging.js": {"path":"F:\\full stack\\mosh courses\\vidly\\startup\\logging.js","statementMap":{"0":{"start":{"line":1,"column":0},"end":{"line":1,"column":32}},"1":{"start":{"line":2,"column":16},"end":{"line":2,"column":34}},"2":{"start":{"line":5,"column":0},"end":{"line":17,"column":1}},"3":{"start":{"line":6,"column":0},"end":{"line":8,"column":69}},"4":{"start":{"line":10,"column":0},"end":{"line":12,"column":2}},"5":{"start":{"line":11,"column":1},"end":{"line":11,"column":10}},"6":{"start":{"line":14,"column":0},"end":{"line":14,"column":62}}},"fnMap":{"0":{"name":"(anonymous_0)","decl":{"start":{"line":5,"column":17},"end":{"line":5,"column":18}},"loc":{"start":{"line":5,"column":27},"end":{"line":17,"column":1}},"line":5},"1":{"name":"(anonymous_1)","decl":{"start":{"line":10,"column":32},"end":{"line":10,"column":33}},"loc":{"start":{"line":10,"column":36},"end":{"line":12,"column":1}},"line":10}},"branchMap":{},"s":{"0":5,"1":5,"2":5,"3":5,"4":5,"5":0,"6":5},"f":{"0":5,"1":0},"b":{},"_coverageSchema":"1a1c01bbd47fc00a2c39e90264f33305004495a9","hash":"e1d840f32754898897cccdc9faa0c370efebeb1c"}
,"F:\\full stack\\mosh courses\\vidly\\startup\\routes.js": {"path":"F:\\full stack\\mosh courses\\vidly\\startup\\routes.js","statementMap":{"0":{"start":{"line":1,"column":16},"end":{"line":1,"column":34}},"1":{"start":{"line":2,"column":14},"end":{"line":2,"column":44}},"2":{"start":{"line":3,"column":15},"end":{"line":3,"column":42}},"3":{"start":{"line":4,"column":18},"end":{"line":4,"column":48}},"4":{"start":{"line":5,"column":14},"end":{"line":5,"column":41}},"5":{"start":{"line":6,"column":15},"end":{"line":6,"column":43}},"6":{"start":{"line":7,"column":13},"end":{"line":7,"column":39}},"7":{"start":{"line":8,"column":13},"end":{"line":8,"column":38}},"8":{"start":{"line":9,"column":17},"end":{"line":9,"column":45}},"9":{"start":{"line":11,"column":0},"end":{"line":21,"column":1}},"10":{"start":{"line":12,"column":0},"end":{"line":12,"column":24}},"11":{"start":{"line":13,"column":0},"end":{"line":13,"column":30}},"12":{"start":{"line":14,"column":0},"end":{"line":14,"column":36}},"13":{"start":{"line":15,"column":0},"end":{"line":15,"column":29}},"14":{"start":{"line":16,"column":0},"end":{"line":16,"column":31}},"15":{"start":{"line":17,"column":0},"end":{"line":17,"column":27}},"16":{"start":{"line":18,"column":0},"end":{"line":18,"column":27}},"17":{"start":{"line":19,"column":0},"end":{"line":19,"column":32}},"18":{"start":{"line":20,"column":0},"end":{"line":20,"column":15}}},"fnMap":{"0":{"name":"(anonymous_0)","decl":{"start":{"line":11,"column":18},"end":{"line":11,"column":19}},"loc":{"start":{"line":11,"column":31},"end":{"line":21,"column":1}},"line":11}},"branchMap":{},"s":{"0":5,"1":5,"2":5,"3":5,"4":5,"5":5,"6":5,"7":5,"8":5,"9":5,"10":5,"11":5,"12":5,"13":5,"14":5,"15":5,"16":5,"17":5,"18":5},"f":{"0":5},"b":{},"_coverageSchema":"1a1c01bbd47fc00a2c39e90264f33305004495a9","hash":"b318f39a16363e1c73cff8eaa4760b678e9c6071"}
,"F:\\full stack\\mosh courses\\vidly\\startup\\validation.js": {"path":"F:\\full stack\\mosh courses\\vidly\\startup\\validation.js","statementMap":{"0":{"start":{"line":1,"column":12},"end":{"line":1,"column":26}},"1":{"start":{"line":2,"column":0},"end":{"line":5,"column":1}},"2":{"start":{"line":3,"column":4},"end":{"line":3,"column":48}}},"fnMap":{"0":{"name":"(anonymous_0)","decl":{"start":{"line":2,"column":17},"end":{"line":2,"column":18}},"loc":{"start":{"line":2,"column":27},"end":{"line":5,"column":1}},"line":2}},"branchMap":{},"s":{"0":5,"1":5,"2":5},"f":{"0":5},"b":{},"_coverageSchema":"1a1c01bbd47fc00a2c39e90264f33305004495a9","hash":"39a31dbf8d6db2acc2c5dcc07cee94cce15df169"}
}
