TN:
SF:index.js
FN:12,(anonymous_0)
FNF:1
FNH:1
FNDA:5,(anonymous_0)
DA:1,5
DA:2,5
DA:3,5
DA:5,5
DA:6,5
DA:7,5
DA:8,5
DA:9,5
DA:11,5
DA:12,5
DA:15,5
LF:11
LH:11
BRDA:11,0,0,5
BRDA:11,0,1,5
BRF:2
BRH:2
end_of_record
TN:
SF:middleware\admin.js
FN:1,(anonymous_0)
FNF:1
FNH:1
FNDA:3,(anonymous_0)
DA:1,5
DA:2,3
DA:5,2
LF:3
LH:3
BRDA:2,0,0,1
BRDA:2,0,1,2
BRF:2
BRH:2
end_of_record
TN:
SF:middleware\auth.js
FN:4,auth
FNF:1
FNH:1
FNDA:26,auth
DA:1,6
DA:2,6
DA:5,26
DA:6,26
DA:9,26
DA:10,26
DA:11,21
DA:12,21
DA:15,5
DA:19,6
LF:10
LH:10
BRDA:6,0,0,4
BRDA:6,0,1,22
BRF:2
BRH:2
end_of_record
TN:
SF:middleware\error.js
FN:2,(anonymous_0)
FNF:1
FNH:1
FNDA:4,(anonymous_0)
DA:1,5
DA:2,5
DA:3,4
DA:4,4
LF:4
LH:4
BRF:0
BRH:0
end_of_record
TN:
SF:middleware\validate.js
FN:1,(anonymous_0)
FN:2,(anonymous_1)
FNF:2
FNH:2
FNDA:30,(anonymous_0)
FNDA:19,(anonymous_1)
DA:1,5
DA:2,30
DA:3,19
DA:4,19
DA:5,11
LF:5
LH:5
BRDA:4,0,0,8
BRDA:4,0,1,11
BRF:2
BRH:2
end_of_record
TN:
SF:middleware\validateObjectid.js
FN:3,(anonymous_0)
FNF:1
FNH:1
FNDA:3,(anonymous_0)
DA:1,5
DA:3,5
DA:4,3
DA:5,1
DA:7,2
LF:5
LH:5
BRDA:4,0,0,1
BRDA:4,0,1,2
BRF:2
BRH:2
end_of_record
TN:
SF:models\customer.js
FN:21,validateCustomer
FNF:1
FNH:0
FNDA:0,validateCustomer
DA:1,5
DA:2,5
DA:5,5
DA:22,0
DA:27,0
DA:31,5
DA:32,5
LF:7
LH:5
BRF:0
BRH:0
end_of_record
TN:
SF:models\genre.js
FN:13,validateGenre
FNF:1
FNH:1
FNDA:8,validateGenre
DA:1,5
DA:2,5
DA:4,5
DA:14,8
DA:17,8
DA:21,5
DA:23,5
DA:24,5
DA:25,5
LF:9
LH:9
BRF:0
BRH:0
end_of_record
TN:
SF:models\movie.js
FN:31,validateMovie
FNF:1
FNH:0
FNDA:0,validateMovie
DA:1,5
DA:2,5
DA:3,5
DA:5,5
DA:32,0
DA:39,0
DA:43,5
DA:44,5
LF:8
LH:6
BRF:0
BRH:0
end_of_record
TN:
SF:models\rental.js
FN:59,(anonymous_0)
FN:66,(anonymous_1)
FN:74,validateRental
FNF:3
FNH:2
FNDA:7,(anonymous_0)
FNDA:5,(anonymous_1)
FNDA:0,validateRental
DA:1,5
DA:2,5
DA:3,5
DA:5,5
DA:59,5
DA:60,7
DA:66,5
DA:67,5
DA:69,5
DA:72,5
DA:75,0
DA:80,0
DA:83,5
DA:84,5
LF:14
LH:12
BRF:0
BRH:0
end_of_record
TN:
SF:models\user.js
FN:27,(anonymous_0)
FN:33,validateUser
FNF:2
FNH:2
FNDA:28,(anonymous_0)
FNDA:5,validateUser
DA:1,7
DA:2,7
DA:3,7
DA:4,7
DA:6,7
DA:27,7
DA:28,28
DA:29,28
DA:31,7
DA:34,5
DA:40,5
DA:43,7
DA:44,7
LF:13
LH:13
BRF:0
BRH:0
end_of_record
TN:
SF:routes\auth.js
FN:12,(anonymous_0)
FN:26,validate
FNF:2
FNH:2
FNDA:5,(anonymous_0)
FNDA:5,validate
DA:1,5
DA:2,5
DA:3,5
DA:4,5
DA:5,5
DA:6,5
DA:7,5
DA:8,5
DA:9,5
DA:12,5
DA:13,5
DA:14,5
DA:16,3
DA:17,3
DA:19,2
DA:20,2
DA:22,0
DA:23,0
DA:27,5
DA:31,5
DA:33,5
LF:21
LH:19
BRDA:14,0,0,2
BRDA:14,0,1,3
BRDA:17,1,0,1
BRDA:17,1,1,2
BRDA:20,2,0,2
BRDA:20,2,1,0
BRF:6
BRH:5
end_of_record
TN:
SF:routes\customers.js
FN:8,(anonymous_0)
FN:13,(anonymous_1)
FNF:2
FNH:0
FNDA:0,(anonymous_0)
FNDA:0,(anonymous_1)
DA:1,5
DA:2,5
DA:4,5
DA:5,5
DA:6,5
DA:8,5
DA:9,0
DA:10,0
DA:13,5
DA:16,0
DA:17,0
DA:22,5
LF:12
LH:8
BRF:0
BRH:0
end_of_record
TN:
SF:routes\genres.js
FN:12,(anonymous_0)
FN:18,(anonymous_1)
FN:26,(anonymous_2)
FN:40,(anonymous_3)
FN:46,(anonymous_4)
FNF:5
FNH:5
FNDA:1,(anonymous_0)
FNDA:3,(anonymous_1)
FNDA:3,(anonymous_2)
FNDA:2,(anonymous_3)
FNDA:2,(anonymous_4)
DA:1,5
DA:2,5
DA:3,5
DA:4,5
DA:5,5
DA:6,5
DA:7,5
DA:8,5
DA:9,5
DA:12,5
DA:14,1
DA:15,1
DA:18,5
DA:22,3
DA:23,3
DA:26,5
DA:27,3
DA:28,3
DA:30,2
DA:34,2
DA:35,1
DA:40,5
DA:41,2
DA:42,2
DA:43,1
DA:46,5
DA:47,2
DA:48,2
DA:49,1
DA:54,5
LF:30
LH:30
BRDA:28,0,0,1
BRDA:28,0,1,2
BRDA:34,1,0,1
BRDA:34,1,1,1
BRDA:42,2,0,1
BRDA:42,2,1,1
BRDA:48,3,0,1
BRDA:48,3,1,1
BRF:8
BRH:8
end_of_record
TN:
SF:routes\movies.js
FN:8,(anonymous_0)
FN:13,(anonymous_1)
FNF:2
FNH:0
FNDA:0,(anonymous_0)
FNDA:0,(anonymous_1)
DA:1,5
DA:2,5
DA:3,5
DA:4,5
DA:5,5
DA:6,5
DA:7,5
DA:8,5
DA:9,0
DA:10,0
DA:13,5
DA:17,0
DA:18,0
DA:20,0
DA:30,0
DA:32,0
DA:36,5
LF:17
LH:10
BRDA:18,0,0,0
BRDA:18,0,1,0
BRF:2
BRH:0
end_of_record
TN:
SF:routes\rentals.js
FN:13,(anonymous_0)
FN:18,(anonymous_1)
FNF:2
FNH:0
FNDA:0,(anonymous_0)
FNDA:0,(anonymous_1)
DA:1,5
DA:2,5
DA:3,5
DA:4,5
DA:5,5
DA:6,5
DA:7,5
DA:8,5
DA:9,5
DA:11,5
DA:13,5
DA:14,0
DA:15,0
DA:18,5
DA:22,0
DA:23,0
DA:25,0
DA:26,0
DA:28,0
DA:30,0
DA:43,0
DA:44,0
DA:51,0
DA:54,0
DA:59,5
LF:25
LH:13
BRDA:23,0,0,0
BRDA:23,0,1,0
BRDA:26,1,0,0
BRDA:26,1,1,0
BRDA:28,2,0,0
BRDA:28,2,1,0
BRF:6
BRH:0
end_of_record
TN:
SF:routes\returns.js
FN:12,(anonymous_0)
FN:33,validateReturn
FNF:2
FNH:2
FNDA:7,(anonymous_0)
FNDA:9,validateReturn
DA:1,5
DA:2,5
DA:3,5
DA:4,5
DA:5,5
DA:6,5
DA:7,5
DA:12,5
DA:17,7
DA:18,7
DA:20,6
DA:22,5
DA:23,5
DA:25,5
DA:29,5
DA:34,9
DA:38,9
DA:41,5
LF:18
LH:18
BRDA:18,0,0,1
BRDA:18,0,1,6
BRDA:20,1,0,1
BRDA:20,1,1,5
BRF:4
BRH:4
end_of_record
TN:
SF:routes\users.js
FN:9,(anonymous_0)
FN:14,(anonymous_1)
FNF:2
FNH:2
FNDA:1,(anonymous_0)
FNDA:1,(anonymous_1)
DA:1,5
DA:2,5
DA:3,5
DA:4,5
DA:5,5
DA:6,5
DA:7,5
DA:9,5
DA:10,1
DA:11,1
DA:14,5
DA:18,1
DA:19,1
DA:21,1
DA:22,1
DA:23,1
DA:25,1
DA:26,1
DA:28,1
DA:31,5
LF:20
LH:20
BRDA:19,0,0,0
BRDA:19,0,1,1
BRF:2
BRH:1
end_of_record
TN:
SF:startup\config.js
FN:3,(anonymous_0)
FNF:1
FNH:1
FNDA:5,(anonymous_0)
DA:1,5
DA:3,5
DA:4,5
DA:5,0
LF:4
LH:3
BRDA:4,0,0,0
BRDA:4,0,1,5
BRF:2
BRH:1
end_of_record
TN:
SF:startup\db.js
FN:5,(anonymous_0)
FN:11,(anonymous_1)
FNF:2
FNH:2
FNDA:5,(anonymous_0)
FNDA:5,(anonymous_1)
DA:1,5
DA:2,5
DA:3,5
DA:5,5
DA:6,5
DA:7,5
DA:11,5
LF:7
LH:7
BRF:0
BRH:0
end_of_record
TN:
SF:startup\logging.js
FN:5,(anonymous_0)
FN:10,(anonymous_1)
FNF:2
FNH:1
FNDA:5,(anonymous_0)
FNDA:0,(anonymous_1)
DA:1,5
DA:2,5
DA:5,5
DA:6,5
DA:10,5
DA:11,0
DA:14,5
LF:7
LH:6
BRF:0
BRH:0
end_of_record
TN:
SF:startup\routes.js
FN:11,(anonymous_0)
FNF:1
FNH:1
FNDA:5,(anonymous_0)
DA:1,5
DA:2,5
DA:3,5
DA:4,5
DA:5,5
DA:6,5
DA:7,5
DA:8,5
DA:9,5
DA:11,5
DA:12,5
DA:13,5
DA:14,5
DA:15,5
DA:16,5
DA:17,5
DA:18,5
DA:19,5
DA:20,5
LF:19
LH:19
BRF:0
BRH:0
end_of_record
TN:
SF:startup\validation.js
FN:2,(anonymous_0)
FNF:1
FNH:1
FNDA:5,(anonymous_0)
DA:1,5
DA:2,5
DA:3,5
LF:3
LH:3
BRF:0
BRH:0
end_of_record
